<?xml version="1.0" encoding="UTF-8"?>
<coverage generated="1718349409525" clover="3.2.0">
  <project timestamp="1718349409525" name="All files">
    <metrics statements="190" coveredstatements="97" conditionals="46" coveredconditionals="20" methods="28" coveredmethods="15" elements="264" coveredelements="132" complexity="0" loc="190" ncloc="190" packages="2" files="6" classes="6"/>
    <package name="SERVER EXPRESS">
      <metrics statements="146" coveredstatements="54" conditionals="36" coveredconditionals="13" methods="16" coveredmethods="3"/>
      <file name="app.js" path="/Users/lilianadisty/Desktop/FASE 2/GCNGULANG/IP-HCK71/SERVER EXPRESS/app.js">
        <metrics statements="146" coveredstatements="54" conditionals="36" coveredconditionals="13" methods="16" coveredmethods="3"/>
        <line num="1" count="1" type="cond" truecount="1" falsecount="1"/>
        <line num="2" count="1" type="stmt"/>
        <line num="5" count="1" type="stmt"/>
        <line num="6" count="1" type="stmt"/>
        <line num="7" count="1" type="cond" truecount="2" falsecount="0"/>
        <line num="9" count="1" type="stmt"/>
        <line num="10" count="1" type="stmt"/>
        <line num="11" count="1" type="stmt"/>
        <line num="12" count="1" type="stmt"/>
        <line num="13" count="1" type="stmt"/>
        <line num="15" count="1" type="stmt"/>
        <line num="16" count="1" type="stmt"/>
        <line num="17" count="1" type="stmt"/>
        <line num="19" count="1" type="stmt"/>
        <line num="20" count="1" type="stmt"/>
        <line num="21" count="1" type="stmt"/>
        <line num="23" count="1" type="stmt"/>
        <line num="26" count="1" type="stmt"/>
        <line num="28" count="1" type="stmt"/>
        <line num="29" count="0" type="stmt"/>
        <line num="32" count="1" type="stmt"/>
        <line num="33" count="3" type="stmt"/>
        <line num="35" count="3" type="stmt"/>
        <line num="37" count="3" type="stmt"/>
        <line num="44" count="1" type="stmt"/>
        <line num="46" count="2" type="cond" truecount="1" falsecount="1"/>
        <line num="50" count="2" type="stmt"/>
        <line num="54" count="0" type="stmt"/>
        <line num="61" count="1" type="stmt"/>
        <line num="62" count="1" type="stmt"/>
        <line num="63" count="1" type="stmt"/>
        <line num="64" count="1" type="cond" truecount="1" falsecount="1"/>
        <line num="65" count="0" type="stmt"/>
        <line num="69" count="1" type="cond" truecount="1" falsecount="1"/>
        <line num="70" count="0" type="stmt"/>
        <line num="74" count="1" type="stmt"/>
        <line num="79" count="1" type="cond" truecount="1" falsecount="1"/>
        <line num="80" count="1" type="stmt"/>
        <line num="85" count="0" type="stmt"/>
        <line num="86" count="0" type="cond" truecount="0" falsecount="2"/>
        <line num="87" count="0" type="stmt"/>
        <line num="92" count="0" type="stmt"/>
        <line num="96" count="0" type="stmt"/>
        <line num="103" count="2" type="stmt"/>
        <line num="104" count="2" type="stmt"/>
        <line num="105" count="2" type="cond" truecount="2" falsecount="0"/>
        <line num="106" count="1" type="stmt"/>
        <line num="111" count="1" type="stmt"/>
        <line num="112" count="1" type="cond" truecount="1" falsecount="1"/>
        <line num="113" count="0" type="stmt"/>
        <line num="117" count="1" type="stmt"/>
        <line num="118" count="0" type="stmt"/>
        <line num="119" count="0" type="cond" truecount="0" falsecount="2"/>
        <line num="120" count="0" type="stmt"/>
        <line num="125" count="0" type="stmt"/>
        <line num="126" count="0" type="stmt"/>
        <line num="128" count="1" type="cond" truecount="1" falsecount="1"/>
        <line num="129" count="1" type="stmt"/>
        <line num="133" count="0" type="stmt"/>
        <line num="140" count="1" type="stmt"/>
        <line num="141" count="0" type="stmt"/>
        <line num="142" count="0" type="stmt"/>
        <line num="147" count="0" type="stmt"/>
        <line num="150" count="1" type="stmt"/>
        <line num="151" count="0" type="stmt"/>
        <line num="152" count="0" type="stmt"/>
        <line num="153" count="0" type="stmt"/>
        <line num="159" count="0" type="cond" truecount="0" falsecount="2"/>
        <line num="160" count="0" type="stmt"/>
        <line num="163" count="0" type="stmt"/>
        <line num="165" count="0" type="stmt"/>
        <line num="169" count="1" type="stmt"/>
        <line num="170" count="0" type="stmt"/>
        <line num="171" count="0" type="stmt"/>
        <line num="180" count="0" type="stmt"/>
        <line num="183" count="1" type="stmt"/>
        <line num="184" count="0" type="stmt"/>
        <line num="185" count="0" type="stmt"/>
        <line num="190" count="0" type="stmt"/>
        <line num="193" count="1" type="stmt"/>
        <line num="194" count="0" type="stmt"/>
        <line num="198" count="0" type="stmt"/>
        <line num="200" count="0" type="stmt"/>
        <line num="201" count="0" type="stmt"/>
        <line num="205" count="0" type="stmt"/>
        <line num="208" count="0" type="cond" truecount="0" falsecount="2"/>
        <line num="209" count="0" type="stmt"/>
        <line num="213" count="0" type="stmt"/>
        <line num="221" count="0" type="stmt"/>
        <line num="222" count="0" type="stmt"/>
        <line num="223" count="0" type="stmt"/>
        <line num="225" count="0" type="cond" truecount="0" falsecount="2"/>
        <line num="226" count="0" type="stmt"/>
        <line num="231" count="0" type="cond" truecount="0" falsecount="2"/>
        <line num="232" count="0" type="stmt"/>
        <line num="236" count="0" type="stmt"/>
        <line num="237" count="0" type="stmt"/>
        <line num="239" count="0" type="stmt"/>
        <line num="245" count="1" type="stmt"/>
        <line num="246" count="0" type="stmt"/>
        <line num="253" count="0" type="stmt"/>
        <line num="258" count="0" type="stmt"/>
        <line num="262" count="0" type="stmt"/>
        <line num="263" count="0" type="stmt"/>
        <line num="269" count="1" type="stmt"/>
        <line num="270" count="0" type="stmt"/>
        <line num="271" count="0" type="stmt"/>
        <line num="272" count="0" type="stmt"/>
        <line num="273" count="0" type="stmt"/>
        <line num="283" count="0" type="stmt"/>
        <line num="287" count="0" type="stmt"/>
        <line num="288" count="0" type="stmt"/>
        <line num="294" count="1" type="stmt"/>
        <line num="295" count="0" type="stmt"/>
        <line num="296" count="0" type="stmt"/>
        <line num="301" count="0" type="stmt"/>
        <line num="304" count="0" type="stmt"/>
        <line num="310" count="1" type="stmt"/>
        <line num="311" count="0" type="stmt"/>
        <line num="315" count="0" type="stmt"/>
        <line num="316" count="0" type="stmt"/>
        <line num="317" count="0" type="stmt"/>
        <line num="319" count="0" type="stmt"/>
        <line num="321" count="0" type="stmt"/>
        <line num="322" count="0" type="stmt"/>
        <line num="325" count="0" type="stmt"/>
        <line num="329" count="0" type="stmt"/>
        <line num="330" count="0" type="stmt"/>
        <line num="333" count="0" type="stmt"/>
        <line num="334" count="0" type="stmt"/>
        <line num="340" count="1" type="stmt"/>
        <line num="341" count="0" type="stmt"/>
        <line num="342" count="0" type="stmt"/>
        <line num="344" count="0" type="stmt"/>
        <line num="346" count="0" type="cond" truecount="0" falsecount="2"/>
        <line num="347" count="0" type="stmt"/>
        <line num="350" count="0" type="stmt"/>
        <line num="354" count="0" type="stmt"/>
        <line num="356" count="0" type="stmt"/>
        <line num="358" count="0" type="cond" truecount="0" falsecount="2"/>
        <line num="359" count="0" type="stmt"/>
        <line num="370" count="0" type="stmt"/>
        <line num="372" count="0" type="stmt"/>
        <line num="376" count="0" type="stmt"/>
        <line num="377" count="0" type="stmt"/>
        <line num="384" count="1" type="stmt"/>
      </file>
    </package>
    <package name="SERVER EXPRESS.models">
      <metrics statements="44" coveredstatements="43" conditionals="10" coveredconditionals="7" methods="12" coveredmethods="12"/>
      <file name="dragonball.js" path="/Users/lilianadisty/Desktop/FASE 2/GCNGULANG/IP-HCK71/SERVER EXPRESS/models/dragonball.js">
        <metrics statements="5" coveredstatements="5" conditionals="0" coveredconditionals="0" methods="2" coveredmethods="2"/>
        <line num="2" count="1" type="stmt"/>
        <line num="3" count="1" type="stmt"/>
        <line num="12" count="1" type="stmt"/>
        <line num="15" count="1" type="stmt"/>
        <line num="31" count="1" type="stmt"/>
      </file>
      <file name="index.js" path="/Users/lilianadisty/Desktop/FASE 2/GCNGULANG/IP-HCK71/SERVER EXPRESS/models/index.js">
        <metrics statements="21" coveredstatements="20" conditionals="10" coveredconditionals="7" methods="3" coveredmethods="3"/>
        <line num="3" count="1" type="stmt"/>
        <line num="4" count="1" type="stmt"/>
        <line num="5" count="1" type="stmt"/>
        <line num="6" count="1" type="stmt"/>
        <line num="7" count="1" type="stmt"/>
        <line num="8" count="1" type="cond" truecount="1" falsecount="1"/>
        <line num="9" count="1" type="stmt"/>
        <line num="10" count="1" type="stmt"/>
        <line num="13" count="1" type="cond" truecount="1" falsecount="1"/>
        <line num="14" count="0" type="stmt"/>
        <line num="16" count="1" type="stmt"/>
        <line num="19" count="1" type="stmt"/>
        <line num="22" count="5" type="stmt"/>
        <line num="30" count="4" type="stmt"/>
        <line num="31" count="4" type="stmt"/>
        <line num="34" count="1" type="stmt"/>
        <line num="35" count="4" type="cond" truecount="1" falsecount="1"/>
        <line num="36" count="4" type="stmt"/>
        <line num="40" count="1" type="stmt"/>
        <line num="41" count="1" type="stmt"/>
        <line num="43" count="1" type="stmt"/>
      </file>
      <file name="mycharacter.js" path="/Users/lilianadisty/Desktop/FASE 2/GCNGULANG/IP-HCK71/SERVER EXPRESS/models/mycharacter.js">
        <metrics statements="6" coveredstatements="6" conditionals="0" coveredconditionals="0" methods="2" coveredmethods="2"/>
        <line num="2" count="1" type="stmt"/>
        <line num="3" count="1" type="stmt"/>
        <line num="12" count="1" type="stmt"/>
        <line num="13" count="1" type="stmt"/>
        <line num="16" count="1" type="stmt"/>
        <line num="28" count="1" type="stmt"/>
      </file>
      <file name="planet.js" path="/Users/lilianadisty/Desktop/FASE 2/GCNGULANG/IP-HCK71/SERVER EXPRESS/models/planet.js">
        <metrics statements="4" coveredstatements="4" conditionals="0" coveredconditionals="0" methods="2" coveredmethods="2"/>
        <line num="2" count="1" type="stmt"/>
        <line num="3" count="1" type="stmt"/>
        <line num="14" count="1" type="stmt"/>
        <line num="26" count="1" type="stmt"/>
      </file>
      <file name="user.js" path="/Users/lilianadisty/Desktop/FASE 2/GCNGULANG/IP-HCK71/SERVER EXPRESS/models/user.js">
        <metrics statements="8" coveredstatements="8" conditionals="0" coveredconditionals="0" methods="3" coveredmethods="3"/>
        <line num="2" count="1" type="stmt"/>
        <line num="3" count="1" type="stmt"/>
        <line num="4" count="1" type="stmt"/>
        <line num="13" count="1" type="stmt"/>
        <line num="16" count="1" type="stmt"/>
        <line num="67" count="1" type="stmt"/>
        <line num="68" count="4" type="stmt"/>
        <line num="70" count="1" type="stmt"/>
      </file>
    </package>
  </project>
</coverage>
