{"/Users/lilianadisty/Desktop/FASE 2/GCNGULANG/IP-HCK71/SERVER EXPRESS/app.js": {"path":"/Users/lilianadisty/Desktop/FASE 2/GCNGULANG/IP-HCK71/SERVER EXPRESS/app.js","statementMap":{"0":{"start":{"line":1,"column":0},"end":{"line":3,"column":1}},"1":{"start":{"line":2,"column":2},"end":{"line":2,"column":29}},"2":{"start":{"line":5,"column":16},"end":{"line":5,"column":34}},"3":{"start":{"line":6,"column":12},"end":{"line":6,"column":21}},"4":{"start":{"line":7,"column":13},"end":{"line":7,"column":37}},"5":{"start":{"line":9,"column":15},"end":{"line":9,"column":34}},"6":{"start":{"line":10,"column":12},"end":{"line":10,"column":35}},"7":{"start":{"line":11,"column":14},"end":{"line":11,"column":30}},"8":{"start":{"line":12,"column":13},"end":{"line":12,"column":28}},"9":{"start":{"line":13,"column":31},"end":{"line":13,"column":63}},"10":{"start":{"line":15,"column":50},"end":{"line":15,"column":69}},"11":{"start":{"line":16,"column":25},"end":{"line":16,"column":55}},"12":{"start":{"line":17,"column":18},"end":{"line":17,"column":38}},"13":{"start":{"line":19,"column":0},"end":{"line":19,"column":16}},"14":{"start":{"line":20,"column":0},"end":{"line":20,"column":24}},"15":{"start":{"line":21,"column":0},"end":{"line":21,"column":48}},"16":{"start":{"line":23,"column":14},"end":{"line":23,"column":60}},"17":{"start":{"line":26,"column":14},"end":{"line":26,"column":63}},"18":{"start":{"line":28,"column":0},"end":{"line":30,"column":3}},"19":{"start":{"line":29,"column":2},"end":{"line":29,"column":27}},"20":{"start":{"line":32,"column":0},"end":{"line":59,"column":3}},"21":{"start":{"line":33,"column":2},"end":{"line":58,"column":3}},"22":{"start":{"line":35,"column":40},"end":{"line":35,"column":48}},"23":{"start":{"line":37,"column":17},"end":{"line":41,"column":6}},"24":{"start":{"line":44,"column":4},"end":{"line":44,"column":77}},"25":{"start":{"line":46,"column":4},"end":{"line":57,"column":5}},"26":{"start":{"line":50,"column":6},"end":{"line":52,"column":9}},"27":{"start":{"line":54,"column":6},"end":{"line":56,"column":9}},"28":{"start":{"line":61,"column":0},"end":{"line":100,"column":3}},"29":{"start":{"line":62,"column":2},"end":{"line":99,"column":3}},"30":{"start":{"line":63,"column":32},"end":{"line":63,"column":40}},"31":{"start":{"line":64,"column":4},"end":{"line":68,"column":5}},"32":{"start":{"line":65,"column":6},"end":{"line":67,"column":9}},"33":{"start":{"line":69,"column":4},"end":{"line":73,"column":5}},"34":{"start":{"line":70,"column":6},"end":{"line":72,"column":9}},"35":{"start":{"line":74,"column":17},"end":{"line":78,"column":6}},"36":{"start":{"line":79,"column":4},"end":{"line":83,"column":5}},"37":{"start":{"line":80,"column":6},"end":{"line":82,"column":9}},"38":{"start":{"line":85,"column":28},"end":{"line":85,"column":71}},"39":{"start":{"line":86,"column":4},"end":{"line":90,"column":5}},"40":{"start":{"line":87,"column":6},"end":{"line":89,"column":9}},"41":{"start":{"line":92,"column":4},"end":{"line":94,"column":7}},"42":{"start":{"line":96,"column":4},"end":{"line":98,"column":7}},"43":{"start":{"line":103,"column":2},"end":{"line":137,"column":3}},"44":{"start":{"line":104,"column":24},"end":{"line":104,"column":49}},"45":{"start":{"line":105,"column":4},"end":{"line":109,"column":5}},"46":{"start":{"line":106,"column":6},"end":{"line":108,"column":9}},"47":{"start":{"line":111,"column":18},"end":{"line":111,"column":43}},"48":{"start":{"line":112,"column":4},"end":{"line":116,"column":5}},"49":{"start":{"line":113,"column":6},"end":{"line":115,"column":9}},"50":{"start":{"line":117,"column":20},"end":{"line":117,"column":47}},"51":{"start":{"line":118,"column":17},"end":{"line":118,"column":48}},"52":{"start":{"line":119,"column":4},"end":{"line":123,"column":5}},"53":{"start":{"line":120,"column":6},"end":{"line":122,"column":9}},"54":{"start":{"line":125,"column":4},"end":{"line":125,"column":20}},"55":{"start":{"line":126,"column":4},"end":{"line":126,"column":11}},"56":{"start":{"line":128,"column":4},"end":{"line":136,"column":5}},"57":{"start":{"line":129,"column":6},"end":{"line":131,"column":9}},"58":{"start":{"line":133,"column":6},"end":{"line":135,"column":9}},"59":{"start":{"line":140,"column":0},"end":{"line":148,"column":3}},"60":{"start":{"line":141,"column":15},"end":{"line":141,"column":23}},"61":{"start":{"line":142,"column":22},"end":{"line":146,"column":4}},"62":{"start":{"line":147,"column":2},"end":{"line":147,"column":36}},"63":{"start":{"line":150,"column":0},"end":{"line":167,"column":3}},"64":{"start":{"line":151,"column":2},"end":{"line":166,"column":3}},"65":{"start":{"line":152,"column":19},"end":{"line":152,"column":29}},"66":{"start":{"line":153,"column":23},"end":{"line":157,"column":6}},"67":{"start":{"line":159,"column":4},"end":{"line":161,"column":5}},"68":{"start":{"line":160,"column":6},"end":{"line":160,"column":72}},"69":{"start":{"line":163,"column":4},"end":{"line":163,"column":37}},"70":{"start":{"line":165,"column":4},"end":{"line":165,"column":63}},"71":{"start":{"line":169,"column":0},"end":{"line":181,"column":3}},"72":{"start":{"line":170,"column":17},"end":{"line":170,"column":28}},"73":{"start":{"line":171,"column":13},"end":{"line":179,"column":4}},"74":{"start":{"line":180,"column":2},"end":{"line":180,"column":27}},"75":{"start":{"line":183,"column":0},"end":{"line":191,"column":3}},"76":{"start":{"line":184,"column":15},"end":{"line":184,"column":23}},"77":{"start":{"line":185,"column":17},"end":{"line":189,"column":4}},"78":{"start":{"line":190,"column":2},"end":{"line":190,"column":31}},"79":{"start":{"line":193,"column":0},"end":{"line":218,"column":3}},"80":{"start":{"line":194,"column":2},"end":{"line":217,"column":3}},"81":{"start":{"line":198,"column":17},"end":{"line":198,"column":25}},"82":{"start":{"line":200,"column":4},"end":{"line":200,"column":30}},"83":{"start":{"line":201,"column":24},"end":{"line":204,"column":6}},"84":{"start":{"line":205,"column":4},"end":{"line":205,"column":38}},"85":{"start":{"line":208,"column":4},"end":{"line":216,"column":5}},"86":{"start":{"line":209,"column":6},"end":{"line":211,"column":9}},"87":{"start":{"line":213,"column":6},"end":{"line":215,"column":9}},"88":{"start":{"line":221,"column":2},"end":{"line":242,"column":3}},"89":{"start":{"line":222,"column":17},"end":{"line":222,"column":25}},"90":{"start":{"line":223,"column":15},"end":{"line":223,"column":56}},"91":{"start":{"line":225,"column":4},"end":{"line":229,"column":5}},"92":{"start":{"line":226,"column":6},"end":{"line":228,"column":9}},"93":{"start":{"line":231,"column":4},"end":{"line":235,"column":5}},"94":{"start":{"line":232,"column":6},"end":{"line":234,"column":9}},"95":{"start":{"line":236,"column":4},"end":{"line":236,"column":16}},"96":{"start":{"line":237,"column":4},"end":{"line":237,"column":11}},"97":{"start":{"line":239,"column":4},"end":{"line":241,"column":7}},"98":{"start":{"line":245,"column":0},"end":{"line":267,"column":3}},"99":{"start":{"line":246,"column":2},"end":{"line":266,"column":3}},"100":{"start":{"line":253,"column":4},"end":{"line":257,"column":7}},"101":{"start":{"line":258,"column":4},"end":{"line":260,"column":70}},"102":{"start":{"line":262,"column":4},"end":{"line":262,"column":23}},"103":{"start":{"line":263,"column":4},"end":{"line":265,"column":7}},"104":{"start":{"line":269,"column":0},"end":{"line":292,"column":3}},"105":{"start":{"line":270,"column":2},"end":{"line":291,"column":3}},"106":{"start":{"line":271,"column":13},"end":{"line":271,"column":54}},"107":{"start":{"line":272,"column":4},"end":{"line":272,"column":20}},"108":{"start":{"line":273,"column":4},"end":{"line":282,"column":6}},"109":{"start":{"line":283,"column":4},"end":{"line":285,"column":69}},"110":{"start":{"line":287,"column":4},"end":{"line":287,"column":23}},"111":{"start":{"line":288,"column":4},"end":{"line":290,"column":7}},"112":{"start":{"line":294,"column":0},"end":{"line":306,"column":3}},"113":{"start":{"line":295,"column":2},"end":{"line":305,"column":3}},"114":{"start":{"line":296,"column":21},"end":{"line":299,"column":6}},"115":{"start":{"line":301,"column":4},"end":{"line":301,"column":37}},"116":{"start":{"line":304,"column":4},"end":{"line":304,"column":61}},"117":{"start":{"line":310,"column":0},"end":{"line":338,"column":3}},"118":{"start":{"line":311,"column":2},"end":{"line":337,"column":3}},"119":{"start":{"line":315,"column":20},"end":{"line":315,"column":69}},"120":{"start":{"line":316,"column":21},"end":{"line":316,"column":38}},"121":{"start":{"line":317,"column":21},"end":{"line":317,"column":29}},"122":{"start":{"line":319,"column":21},"end":{"line":319,"column":56}},"123":{"start":{"line":321,"column":23},"end":{"line":321,"column":44}},"124":{"start":{"line":322,"column":19},"end":{"line":322,"column":40}},"125":{"start":{"line":325,"column":6},"end":{"line":325,"column":18}},"126":{"start":{"line":329,"column":19},"end":{"line":329,"column":30}},"127":{"start":{"line":330,"column":4},"end":{"line":330,"column":25}},"128":{"start":{"line":333,"column":4},"end":{"line":333,"column":25}},"129":{"start":{"line":334,"column":4},"end":{"line":336,"column":71}},"130":{"start":{"line":340,"column":0},"end":{"line":379,"column":3}},"131":{"start":{"line":341,"column":2},"end":{"line":378,"column":3}},"132":{"start":{"line":342,"column":19},"end":{"line":342,"column":65}},"133":{"start":{"line":344,"column":29},"end":{"line":344,"column":40}},"134":{"start":{"line":346,"column":4},"end":{"line":348,"column":5}},"135":{"start":{"line":347,"column":6},"end":{"line":347,"column":73}},"136":{"start":{"line":350,"column":19},"end":{"line":353,"column":6}},"137":{"start":{"line":354,"column":20},"end":{"line":354,"column":39}},"138":{"start":{"line":356,"column":15},"end":{"line":356,"column":70}},"139":{"start":{"line":358,"column":4},"end":{"line":368,"column":5}},"140":{"start":{"line":359,"column":6},"end":{"line":367,"column":8}},"141":{"start":{"line":370,"column":25},"end":{"line":370,"column":60}},"142":{"start":{"line":372,"column":4},"end":{"line":374,"column":78}},"143":{"start":{"line":376,"column":4},"end":{"line":376,"column":55}},"144":{"start":{"line":377,"column":4},"end":{"line":377,"column":61}},"145":{"start":{"line":384,"column":0},"end":{"line":384,"column":21}}},"fnMap":{"0":{"name":"(anonymous_0)","decl":{"start":{"line":28,"column":13},"end":{"line":28,"column":14}},"loc":{"start":{"line":28,"column":27},"end":{"line":30,"column":1}},"line":28},"1":{"name":"(anonymous_1)","decl":{"start":{"line":32,"column":22},"end":{"line":32,"column":23}},"loc":{"start":{"line":32,"column":42},"end":{"line":59,"column":1}},"line":32},"2":{"name":"(anonymous_2)","decl":{"start":{"line":61,"column":19},"end":{"line":61,"column":20}},"loc":{"start":{"line":61,"column":39},"end":{"line":100,"column":1}},"line":61},"3":{"name":"authentication","decl":{"start":{"line":102,"column":15},"end":{"line":102,"column":29}},"loc":{"start":{"line":102,"column":46},"end":{"line":138,"column":1}},"line":102},"4":{"name":"(anonymous_4)","decl":{"start":{"line":140,"column":40},"end":{"line":140,"column":41}},"loc":{"start":{"line":140,"column":60},"end":{"line":148,"column":1}},"line":140},"5":{"name":"(anonymous_5)","decl":{"start":{"line":150,"column":44},"end":{"line":150,"column":45}},"loc":{"start":{"line":150,"column":64},"end":{"line":167,"column":1}},"line":150},"6":{"name":"(anonymous_6)","decl":{"start":{"line":169,"column":31},"end":{"line":169,"column":32}},"loc":{"start":{"line":169,"column":51},"end":{"line":181,"column":1}},"line":169},"7":{"name":"(anonymous_7)","decl":{"start":{"line":183,"column":36},"end":{"line":183,"column":37}},"loc":{"start":{"line":183,"column":56},"end":{"line":191,"column":1}},"line":183},"8":{"name":"(anonymous_8)","decl":{"start":{"line":193,"column":36},"end":{"line":193,"column":37}},"loc":{"start":{"line":193,"column":56},"end":{"line":218,"column":1}},"line":193},"9":{"name":"guardAuthorOnly","decl":{"start":{"line":220,"column":15},"end":{"line":220,"column":30}},"loc":{"start":{"line":220,"column":47},"end":{"line":243,"column":1}},"line":220},"10":{"name":"(anonymous_10)","decl":{"start":{"line":245,"column":55},"end":{"line":245,"column":56}},"loc":{"start":{"line":245,"column":75},"end":{"line":267,"column":1}},"line":245},"11":{"name":"(anonymous_11)","decl":{"start":{"line":269,"column":54},"end":{"line":269,"column":55}},"loc":{"start":{"line":269,"column":74},"end":{"line":292,"column":1}},"line":269},"12":{"name":"(anonymous_12)","decl":{"start":{"line":294,"column":28},"end":{"line":294,"column":29}},"loc":{"start":{"line":294,"column":48},"end":{"line":306,"column":1}},"line":294},"13":{"name":"(anonymous_13)","decl":{"start":{"line":310,"column":16},"end":{"line":310,"column":17}},"loc":{"start":{"line":310,"column":42},"end":{"line":338,"column":1}},"line":310},"14":{"name":"run","decl":{"start":{"line":313,"column":19},"end":{"line":313,"column":22}},"loc":{"start":{"line":313,"column":25},"end":{"line":326,"column":5}},"line":313},"15":{"name":"(anonymous_15)","decl":{"start":{"line":340,"column":26},"end":{"line":340,"column":27}},"loc":{"start":{"line":340,"column":52},"end":{"line":379,"column":1}},"line":340}},"branchMap":{"0":{"loc":{"start":{"line":1,"column":0},"end":{"line":3,"column":1}},"type":"if","locations":[{"start":{"line":1,"column":0},"end":{"line":3,"column":1}},{"start":{},"end":{}}],"line":1},"1":{"loc":{"start":{"line":7,"column":13},"end":{"line":7,"column":37}},"type":"binary-expr","locations":[{"start":{"line":7,"column":13},"end":{"line":7,"column":29}},{"start":{"line":7,"column":33},"end":{"line":7,"column":37}}],"line":7},"2":{"loc":{"start":{"line":46,"column":4},"end":{"line":57,"column":5}},"type":"if","locations":[{"start":{"line":46,"column":4},"end":{"line":57,"column":5}},{"start":{"line":53,"column":11},"end":{"line":57,"column":5}}],"line":46},"3":{"loc":{"start":{"line":47,"column":6},"end":{"line":48,"column":47}},"type":"binary-expr","locations":[{"start":{"line":47,"column":6},"end":{"line":47,"column":53}},{"start":{"line":48,"column":6},"end":{"line":48,"column":47}}],"line":47},"4":{"loc":{"start":{"line":64,"column":4},"end":{"line":68,"column":5}},"type":"if","locations":[{"start":{"line":64,"column":4},"end":{"line":68,"column":5}},{"start":{},"end":{}}],"line":64},"5":{"loc":{"start":{"line":69,"column":4},"end":{"line":73,"column":5}},"type":"if","locations":[{"start":{"line":69,"column":4},"end":{"line":73,"column":5}},{"start":{},"end":{}}],"line":69},"6":{"loc":{"start":{"line":79,"column":4},"end":{"line":83,"column":5}},"type":"if","locations":[{"start":{"line":79,"column":4},"end":{"line":83,"column":5}},{"start":{},"end":{}}],"line":79},"7":{"loc":{"start":{"line":86,"column":4},"end":{"line":90,"column":5}},"type":"if","locations":[{"start":{"line":86,"column":4},"end":{"line":90,"column":5}},{"start":{},"end":{}}],"line":86},"8":{"loc":{"start":{"line":105,"column":4},"end":{"line":109,"column":5}},"type":"if","locations":[{"start":{"line":105,"column":4},"end":{"line":109,"column":5}},{"start":{},"end":{}}],"line":105},"9":{"loc":{"start":{"line":112,"column":4},"end":{"line":116,"column":5}},"type":"if","locations":[{"start":{"line":112,"column":4},"end":{"line":116,"column":5}},{"start":{},"end":{}}],"line":112},"10":{"loc":{"start":{"line":119,"column":4},"end":{"line":123,"column":5}},"type":"if","locations":[{"start":{"line":119,"column":4},"end":{"line":123,"column":5}},{"start":{},"end":{}}],"line":119},"11":{"loc":{"start":{"line":128,"column":4},"end":{"line":136,"column":5}},"type":"if","locations":[{"start":{"line":128,"column":4},"end":{"line":136,"column":5}},{"start":{"line":132,"column":11},"end":{"line":136,"column":5}}],"line":128},"12":{"loc":{"start":{"line":159,"column":4},"end":{"line":161,"column":5}},"type":"if","locations":[{"start":{"line":159,"column":4},"end":{"line":161,"column":5}},{"start":{},"end":{}}],"line":159},"13":{"loc":{"start":{"line":208,"column":4},"end":{"line":216,"column":5}},"type":"if","locations":[{"start":{"line":208,"column":4},"end":{"line":216,"column":5}},{"start":{"line":212,"column":11},"end":{"line":216,"column":5}}],"line":208},"14":{"loc":{"start":{"line":225,"column":4},"end":{"line":229,"column":5}},"type":"if","locations":[{"start":{"line":225,"column":4},"end":{"line":229,"column":5}},{"start":{},"end":{}}],"line":225},"15":{"loc":{"start":{"line":231,"column":4},"end":{"line":235,"column":5}},"type":"if","locations":[{"start":{"line":231,"column":4},"end":{"line":235,"column":5}},{"start":{},"end":{}}],"line":231},"16":{"loc":{"start":{"line":346,"column":4},"end":{"line":348,"column":5}},"type":"if","locations":[{"start":{"line":346,"column":4},"end":{"line":348,"column":5}},{"start":{},"end":{}}],"line":346},"17":{"loc":{"start":{"line":358,"column":4},"end":{"line":368,"column":5}},"type":"if","locations":[{"start":{"line":358,"column":4},"end":{"line":368,"column":5}},{"start":{},"end":{}}],"line":358}},"s":{"0":1,"1":1,"2":1,"3":1,"4":1,"5":1,"6":1,"7":1,"8":1,"9":1,"10":1,"11":1,"12":1,"13":1,"14":1,"15":1,"16":1,"17":1,"18":1,"19":0,"20":1,"21":3,"22":3,"23":3,"24":1,"25":2,"26":2,"27":0,"28":1,"29":1,"30":1,"31":1,"32":0,"33":1,"34":0,"35":1,"36":1,"37":1,"38":0,"39":0,"40":0,"41":0,"42":0,"43":2,"44":2,"45":2,"46":1,"47":1,"48":1,"49":0,"50":1,"51":0,"52":0,"53":0,"54":0,"55":0,"56":1,"57":1,"58":0,"59":1,"60":0,"61":0,"62":0,"63":1,"64":0,"65":0,"66":0,"67":0,"68":0,"69":0,"70":0,"71":1,"72":0,"73":0,"74":0,"75":1,"76":0,"77":0,"78":0,"79":1,"80":0,"81":0,"82":0,"83":0,"84":0,"85":0,"86":0,"87":0,"88":0,"89":0,"90":0,"91":0,"92":0,"93":0,"94":0,"95":0,"96":0,"97":0,"98":1,"99":0,"100":0,"101":0,"102":0,"103":0,"104":1,"105":0,"106":0,"107":0,"108":0,"109":0,"110":0,"111":0,"112":1,"113":0,"114":0,"115":0,"116":0,"117":1,"118":0,"119":0,"120":0,"121":0,"122":0,"123":0,"124":0,"125":0,"126":0,"127":0,"128":0,"129":0,"130":1,"131":0,"132":0,"133":0,"134":0,"135":0,"136":0,"137":0,"138":0,"139":0,"140":0,"141":0,"142":0,"143":0,"144":0,"145":1},"f":{"0":0,"1":3,"2":1,"3":2,"4":0,"5":0,"6":0,"7":0,"8":0,"9":0,"10":0,"11":0,"12":0,"13":0,"14":0,"15":0},"b":{"0":[1,0],"1":[1,1],"2":[2,0],"3":[2,1],"4":[0,1],"5":[0,1],"6":[1,0],"7":[0,0],"8":[1,1],"9":[0,1],"10":[0,0],"11":[1,0],"12":[0,0],"13":[0,0],"14":[0,0],"15":[0,0],"16":[0,0],"17":[0,0]},"_coverageSchema":"1a1c01bbd47fc00a2c39e90264f33305004495a9","hash":"28ed2d379930c91135c1ef8b9daf085270e81671"}
,"/Users/lilianadisty/Desktop/FASE 2/GCNGULANG/IP-HCK71/SERVER EXPRESS/models/dragonball.js": {"path":"/Users/lilianadisty/Desktop/FASE 2/GCNGULANG/IP-HCK71/SERVER EXPRESS/models/dragonball.js","statementMap":{"0":{"start":{"line":2,"column":18},"end":{"line":2,"column":38}},"1":{"start":{"line":3,"column":0},"end":{"line":32,"column":2}},"2":{"start":{"line":12,"column":6},"end":{"line":12,"column":77}},"3":{"start":{"line":15,"column":2},"end":{"line":30,"column":4}},"4":{"start":{"line":31,"column":2},"end":{"line":31,"column":20}}},"fnMap":{"0":{"name":"(anonymous_0)","decl":{"start":{"line":3,"column":17},"end":{"line":3,"column":18}},"loc":{"start":{"line":3,"column":43},"end":{"line":32,"column":1}},"line":3},"1":{"name":"(anonymous_1)","decl":{"start":{"line":10,"column":4},"end":{"line":10,"column":5}},"loc":{"start":{"line":10,"column":29},"end":{"line":13,"column":5}},"line":10}},"branchMap":{},"s":{"0":1,"1":1,"2":1,"3":1,"4":1},"f":{"0":1,"1":1},"b":{},"_coverageSchema":"1a1c01bbd47fc00a2c39e90264f33305004495a9","hash":"c28befeb14248637d3efc8542da26deda848ff96"}
,"/Users/lilianadisty/Desktop/FASE 2/GCNGULANG/IP-HCK71/SERVER EXPRESS/models/index.js": {"path":"/Users/lilianadisty/Desktop/FASE 2/GCNGULANG/IP-HCK71/SERVER EXPRESS/models/index.js","statementMap":{"0":{"start":{"line":3,"column":11},"end":{"line":3,"column":24}},"1":{"start":{"line":4,"column":13},"end":{"line":4,"column":28}},"2":{"start":{"line":5,"column":18},"end":{"line":5,"column":38}},"3":{"start":{"line":6,"column":16},"end":{"line":6,"column":34}},"4":{"start":{"line":7,"column":17},"end":{"line":7,"column":42}},"5":{"start":{"line":8,"column":12},"end":{"line":8,"column":49}},"6":{"start":{"line":9,"column":15},"end":{"line":9,"column":65}},"7":{"start":{"line":10,"column":11},"end":{"line":10,"column":13}},"8":{"start":{"line":13,"column":0},"end":{"line":17,"column":1}},"9":{"start":{"line":14,"column":2},"end":{"line":14,"column":74}},"10":{"start":{"line":16,"column":2},"end":{"line":16,"column":87}},"11":{"start":{"line":19,"column":0},"end":{"line":32,"column":5}},"12":{"start":{"line":22,"column":4},"end":{"line":27,"column":6}},"13":{"start":{"line":30,"column":18},"end":{"line":30,"column":85}},"14":{"start":{"line":31,"column":4},"end":{"line":31,"column":27}},"15":{"start":{"line":34,"column":0},"end":{"line":38,"column":3}},"16":{"start":{"line":35,"column":2},"end":{"line":37,"column":3}},"17":{"start":{"line":36,"column":4},"end":{"line":36,"column":32}},"18":{"start":{"line":40,"column":0},"end":{"line":40,"column":25}},"19":{"start":{"line":41,"column":0},"end":{"line":41,"column":25}},"20":{"start":{"line":43,"column":0},"end":{"line":43,"column":20}}},"fnMap":{"0":{"name":"(anonymous_0)","decl":{"start":{"line":21,"column":10},"end":{"line":21,"column":11}},"loc":{"start":{"line":21,"column":18},"end":{"line":28,"column":3}},"line":21},"1":{"name":"(anonymous_1)","decl":{"start":{"line":29,"column":11},"end":{"line":29,"column":12}},"loc":{"start":{"line":29,"column":19},"end":{"line":32,"column":3}},"line":29},"2":{"name":"(anonymous_2)","decl":{"start":{"line":34,"column":24},"end":{"line":34,"column":25}},"loc":{"start":{"line":34,"column":37},"end":{"line":38,"column":1}},"line":34}},"branchMap":{"0":{"loc":{"start":{"line":8,"column":12},"end":{"line":8,"column":49}},"type":"binary-expr","locations":[{"start":{"line":8,"column":12},"end":{"line":8,"column":32}},{"start":{"line":8,"column":36},"end":{"line":8,"column":49}}],"line":8},"1":{"loc":{"start":{"line":13,"column":0},"end":{"line":17,"column":1}},"type":"if","locations":[{"start":{"line":13,"column":0},"end":{"line":17,"column":1}},{"start":{"line":15,"column":7},"end":{"line":17,"column":1}}],"line":13},"2":{"loc":{"start":{"line":23,"column":6},"end":{"line":26,"column":37}},"type":"binary-expr","locations":[{"start":{"line":23,"column":6},"end":{"line":23,"column":29}},{"start":{"line":24,"column":6},"end":{"line":24,"column":23}},{"start":{"line":25,"column":6},"end":{"line":25,"column":30}},{"start":{"line":26,"column":6},"end":{"line":26,"column":37}}],"line":23},"3":{"loc":{"start":{"line":35,"column":2},"end":{"line":37,"column":3}},"type":"if","locations":[{"start":{"line":35,"column":2},"end":{"line":37,"column":3}},{"start":{},"end":{}}],"line":35}},"s":{"0":1,"1":1,"2":1,"3":1,"4":1,"5":1,"6":1,"7":1,"8":1,"9":0,"10":1,"11":1,"12":5,"13":4,"14":4,"15":1,"16":4,"17":4,"18":1,"19":1,"20":1},"f":{"0":5,"1":4,"2":4},"b":{"0":[1,0],"1":[0,1],"2":[5,5,4,4],"3":[4,0]},"_coverageSchema":"1a1c01bbd47fc00a2c39e90264f33305004495a9","hash":"064097f091fb561925892696a6f7bf9c0e1def8c"}
,"/Users/lilianadisty/Desktop/FASE 2/GCNGULANG/IP-HCK71/SERVER EXPRESS/models/mycharacter.js": {"path":"/Users/lilianadisty/Desktop/FASE 2/GCNGULANG/IP-HCK71/SERVER EXPRESS/models/mycharacter.js","statementMap":{"0":{"start":{"line":2,"column":18},"end":{"line":2,"column":38}},"1":{"start":{"line":3,"column":0},"end":{"line":29,"column":2}},"2":{"start":{"line":12,"column":6},"end":{"line":12,"column":67}},"3":{"start":{"line":13,"column":6},"end":{"line":13,"column":79}},"4":{"start":{"line":16,"column":2},"end":{"line":27,"column":4}},"5":{"start":{"line":28,"column":2},"end":{"line":28,"column":21}}},"fnMap":{"0":{"name":"(anonymous_0)","decl":{"start":{"line":3,"column":17},"end":{"line":3,"column":18}},"loc":{"start":{"line":3,"column":43},"end":{"line":29,"column":1}},"line":3},"1":{"name":"(anonymous_1)","decl":{"start":{"line":10,"column":4},"end":{"line":10,"column":5}},"loc":{"start":{"line":10,"column":29},"end":{"line":14,"column":5}},"line":10}},"branchMap":{},"s":{"0":1,"1":1,"2":1,"3":1,"4":1,"5":1},"f":{"0":1,"1":1},"b":{},"_coverageSchema":"1a1c01bbd47fc00a2c39e90264f33305004495a9","hash":"b05704f46a002722f68481191ec26fd6e528289c"}
,"/Users/lilianadisty/Desktop/FASE 2/GCNGULANG/IP-HCK71/SERVER EXPRESS/models/planet.js": {"path":"/Users/lilianadisty/Desktop/FASE 2/GCNGULANG/IP-HCK71/SERVER EXPRESS/models/planet.js","statementMap":{"0":{"start":{"line":2,"column":18},"end":{"line":2,"column":38}},"1":{"start":{"line":3,"column":0},"end":{"line":27,"column":2}},"2":{"start":{"line":14,"column":2},"end":{"line":25,"column":4}},"3":{"start":{"line":26,"column":2},"end":{"line":26,"column":16}}},"fnMap":{"0":{"name":"(anonymous_0)","decl":{"start":{"line":3,"column":17},"end":{"line":3,"column":18}},"loc":{"start":{"line":3,"column":43},"end":{"line":27,"column":1}},"line":3},"1":{"name":"(anonymous_1)","decl":{"start":{"line":10,"column":4},"end":{"line":10,"column":5}},"loc":{"start":{"line":10,"column":29},"end":{"line":12,"column":5}},"line":10}},"branchMap":{},"s":{"0":1,"1":1,"2":1,"3":1},"f":{"0":1,"1":1},"b":{},"_coverageSchema":"1a1c01bbd47fc00a2c39e90264f33305004495a9","hash":"f181556ed4c9ab77d0d840cc72752c4df9bbaed4"}
,"/Users/lilianadisty/Desktop/FASE 2/GCNGULANG/IP-HCK71/SERVER EXPRESS/models/user.js": {"path":"/Users/lilianadisty/Desktop/FASE 2/GCNGULANG/IP-HCK71/SERVER EXPRESS/models/user.js","statementMap":{"0":{"start":{"line":2,"column":18},"end":{"line":2,"column":38}},"1":{"start":{"line":3,"column":15},"end":{"line":3,"column":34}},"2":{"start":{"line":4,"column":0},"end":{"line":71,"column":2}},"3":{"start":{"line":13,"column":6},"end":{"line":13,"column":65}},"4":{"start":{"line":16,"column":2},"end":{"line":65,"column":4}},"5":{"start":{"line":67,"column":2},"end":{"line":69,"column":5}},"6":{"start":{"line":68,"column":4},"end":{"line":68,"column":51}},"7":{"start":{"line":70,"column":2},"end":{"line":70,"column":14}}},"fnMap":{"0":{"name":"(anonymous_0)","decl":{"start":{"line":4,"column":17},"end":{"line":4,"column":18}},"loc":{"start":{"line":4,"column":43},"end":{"line":71,"column":1}},"line":4},"1":{"name":"(anonymous_1)","decl":{"start":{"line":11,"column":4},"end":{"line":11,"column":5}},"loc":{"start":{"line":11,"column":29},"end":{"line":14,"column":5}},"line":11},"2":{"name":"(anonymous_2)","decl":{"start":{"line":67,"column":20},"end":{"line":67,"column":21}},"loc":{"start":{"line":67,"column":39},"end":{"line":69,"column":3}},"line":67}},"branchMap":{},"s":{"0":1,"1":1,"2":1,"3":1,"4":1,"5":1,"6":4,"7":1},"f":{"0":1,"1":1,"2":4},"b":{},"_coverageSchema":"1a1c01bbd47fc00a2c39e90264f33305004495a9","hash":"2187957641345c4dc91281468c96789001859c21"}
}
