TN:
SF:app.js
FN:28,(anonymous_0)
FN:32,(anonymous_1)
FN:61,(anonymous_2)
FN:102,authentication
FN:140,(anonymous_4)
FN:150,(anonymous_5)
FN:169,(anonymous_6)
FN:183,(anonymous_7)
FN:193,(anonymous_8)
FN:220,guardAuthorOnly
FN:245,(anonymous_10)
FN:269,(anonymous_11)
FN:294,(anonymous_12)
FN:310,(anonymous_13)
FN:313,run
FN:340,(anonymous_15)
FNF:16
FNH:3
FNDA:0,(anonymous_0)
FNDA:3,(anonymous_1)
FNDA:1,(anonymous_2)
FNDA:2,authentication
FNDA:0,(anonymous_4)
FNDA:0,(anonymous_5)
FNDA:0,(anonymous_6)
FNDA:0,(anonymous_7)
FNDA:0,(anonymous_8)
FNDA:0,guardAuthorOnly
FNDA:0,(anonymous_10)
FNDA:0,(anonymous_11)
FNDA:0,(anonymous_12)
FNDA:0,(anonymous_13)
FNDA:0,run
FNDA:0,(anonymous_15)
DA:1,1
DA:2,1
DA:5,1
DA:6,1
DA:7,1
DA:9,1
DA:10,1
DA:11,1
DA:12,1
DA:13,1
DA:15,1
DA:16,1
DA:17,1
DA:19,1
DA:20,1
DA:21,1
DA:23,1
DA:26,1
DA:28,1
DA:29,0
DA:32,1
DA:33,3
DA:35,3
DA:37,3
DA:44,1
DA:46,2
DA:50,2
DA:54,0
DA:61,1
DA:62,1
DA:63,1
DA:64,1
DA:65,0
DA:69,1
DA:70,0
DA:74,1
DA:79,1
DA:80,1
DA:85,0
DA:86,0
DA:87,0
DA:92,0
DA:96,0
DA:103,2
DA:104,2
DA:105,2
DA:106,1
DA:111,1
DA:112,1
DA:113,0
DA:117,1
DA:118,0
DA:119,0
DA:120,0
DA:125,0
DA:126,0
DA:128,1
DA:129,1
DA:133,0
DA:140,1
DA:141,0
DA:142,0
DA:147,0
DA:150,1
DA:151,0
DA:152,0
DA:153,0
DA:159,0
DA:160,0
DA:163,0
DA:165,0
DA:169,1
DA:170,0
DA:171,0
DA:180,0
DA:183,1
DA:184,0
DA:185,0
DA:190,0
DA:193,1
DA:194,0
DA:198,0
DA:200,0
DA:201,0
DA:205,0
DA:208,0
DA:209,0
DA:213,0
DA:221,0
DA:222,0
DA:223,0
DA:225,0
DA:226,0
DA:231,0
DA:232,0
DA:236,0
DA:237,0
DA:239,0
DA:245,1
DA:246,0
DA:253,0
DA:258,0
DA:262,0
DA:263,0
DA:269,1
DA:270,0
DA:271,0
DA:272,0
DA:273,0
DA:283,0
DA:287,0
DA:288,0
DA:294,1
DA:295,0
DA:296,0
DA:301,0
DA:304,0
DA:310,1
DA:311,0
DA:315,0
DA:316,0
DA:317,0
DA:319,0
DA:321,0
DA:322,0
DA:325,0
DA:329,0
DA:330,0
DA:333,0
DA:334,0
DA:340,1
DA:341,0
DA:342,0
DA:344,0
DA:346,0
DA:347,0
DA:350,0
DA:354,0
DA:356,0
DA:358,0
DA:359,0
DA:370,0
DA:372,0
DA:376,0
DA:377,0
DA:384,1
LF:146
LH:54
BRDA:1,0,0,1
BRDA:1,0,1,0
BRDA:7,1,0,1
BRDA:7,1,1,1
BRDA:46,2,0,2
BRDA:46,2,1,0
BRDA:47,3,0,2
BRDA:47,3,1,1
BRDA:64,4,0,0
BRDA:64,4,1,1
BRDA:69,5,0,0
BRDA:69,5,1,1
BRDA:79,6,0,1
BRDA:79,6,1,0
BRDA:86,7,0,0
BRDA:86,7,1,0
BRDA:105,8,0,1
BRDA:105,8,1,1
BRDA:112,9,0,0
BRDA:112,9,1,1
BRDA:119,10,0,0
BRDA:119,10,1,0
BRDA:128,11,0,1
BRDA:128,11,1,0
BRDA:159,12,0,0
BRDA:159,12,1,0
BRDA:208,13,0,0
BRDA:208,13,1,0
BRDA:225,14,0,0
BRDA:225,14,1,0
BRDA:231,15,0,0
BRDA:231,15,1,0
BRDA:346,16,0,0
BRDA:346,16,1,0
BRDA:358,17,0,0
BRDA:358,17,1,0
BRF:36
BRH:13
end_of_record
TN:
SF:models/dragonball.js
FN:3,(anonymous_0)
FN:10,(anonymous_1)
FNF:2
FNH:2
FNDA:1,(anonymous_0)
FNDA:1,(anonymous_1)
DA:2,1
DA:3,1
DA:12,1
DA:15,1
DA:31,1
LF:5
LH:5
BRF:0
BRH:0
end_of_record
TN:
SF:models/index.js
FN:21,(anonymous_0)
FN:29,(anonymous_1)
FN:34,(anonymous_2)
FNF:3
FNH:3
FNDA:5,(anonymous_0)
FNDA:4,(anonymous_1)
FNDA:4,(anonymous_2)
DA:3,1
DA:4,1
DA:5,1
DA:6,1
DA:7,1
DA:8,1
DA:9,1
DA:10,1
DA:13,1
DA:14,0
DA:16,1
DA:19,1
DA:22,5
DA:30,4
DA:31,4
DA:34,1
DA:35,4
DA:36,4
DA:40,1
DA:41,1
DA:43,1
LF:21
LH:20
BRDA:8,0,0,1
BRDA:8,0,1,0
BRDA:13,1,0,0
BRDA:13,1,1,1
BRDA:23,2,0,5
BRDA:23,2,1,5
BRDA:23,2,2,4
BRDA:23,2,3,4
BRDA:35,3,0,4
BRDA:35,3,1,0
BRF:10
BRH:7
end_of_record
TN:
SF:models/mycharacter.js
FN:3,(anonymous_0)
FN:10,(anonymous_1)
FNF:2
FNH:2
FNDA:1,(anonymous_0)
FNDA:1,(anonymous_1)
DA:2,1
DA:3,1
DA:12,1
DA:13,1
DA:16,1
DA:28,1
LF:6
LH:6
BRF:0
BRH:0
end_of_record
TN:
SF:models/planet.js
FN:3,(anonymous_0)
FN:10,(anonymous_1)
FNF:2
FNH:2
FNDA:1,(anonymous_0)
FNDA:1,(anonymous_1)
DA:2,1
DA:3,1
DA:14,1
DA:26,1
LF:4
LH:4
BRF:0
BRH:0
end_of_record
TN:
SF:models/user.js
FN:4,(anonymous_0)
FN:11,(anonymous_1)
FN:67,(anonymous_2)
FNF:3
FNH:3
FNDA:1,(anonymous_0)
FNDA:1,(anonymous_1)
FNDA:4,(anonymous_2)
DA:2,1
DA:3,1
DA:4,1
DA:13,1
DA:16,1
DA:67,1
DA:68,4
DA:70,1
LF:8
LH:8
BRF:0
BRH:0
end_of_record
